-1
511189
-1
-1
44537
-1
589094
-1
-1
2345978
-1
64477386
-1
662244522
22234678
1024675
411672
-1
-1
-1
340978535498
-1
-1
-1
-1
10235489
-1
-1
-1
-1
-1
-1
315559
-1
-1
-1
10072
633173657
9168824
-1
55333353555
1383648
-1
121213291
-1
-1
88486
-1
603876897
-1
92872348
-1
80135496
-1
-1
28572
48922480
-1
306987
-1
-1
-1
120392445
2635378
-1
1911119
1802639
-1
-1
-1
-1
10234579
203958
-1
4404
-1
78651
-1
12375849
4554000
-1
-1
99189191
-1
66
-1
-1
54204572
-1
76912
21609
-1
126478
722235
1711189
12522
-1
-1
838
-1
13157682
27272722
-1
-1
-1
-1
-1
34787964
22966
6500566660
-1
-1
38803
71302
-1
-1
-1
-1
17077
8420176400
88222282
-1
-1
24606759
279783014
203986
498718
12538
-1
1435242
-1
88385835883
-1
-1
-1
-1
-1
2798072
125879206
-1
-1
-1
857144
-1
-1
1438609
-1
7001484985
-1
-1
-1
-1
2037286
-1
-1
-1
-1
-1
1021888215
5111519
169117
-1
2057438
-1
-1
928822238
-1
-1
-1
-1
-1
8115802158
229
-1
1456789
-1
239614
-1
30707773300
708123
70000000
4970
-1
-1
7788
80608000966
3339849894
-1
10440176644
-1
-1
-1
-1
320975016
-1
910076
-1
-1
-1
-1
139574
10006405
-1
1257398
-1
9553
-1
-1
-1
-1
-1
2516987
41769446
-1
-1
88338003
-1
-1
30883988
-1
1891708
-1
10423975
-1
-1
222799
223785
-1
34217467
-1
-1
-1
-1
40409
60029722
42222224885
7039350
3964647
-1
51282137
29600170
-1
225225
-1
-1
-1
557236992
-1
-1
650828502
24375903
1008760200
232756
-1
-1
15632621471
-1
-1
468
5225925
-1
-1
175452346
-1
20467958
-1
69111453
8428
-1
-1
-1
-1
-1
60000001789
2244
-1
4207589
2409414969
-1
-1
-1
-1
-1
80880
-1
-1
-1
4049940
25786
921221
-1
-1
4805522
-1
-1
333
-1
-1
-1
-1
8686696
3049852
-1
-1
888992998
-1
55546365
-1
-1
-1
-1
-1
34958286888
-1
456789
-1
33818183
2222586257
-1
1648111895
451
-1
-1
-1
-1
-1
-1
272222227349
-1
-1
13353
9767
-1
7966966887
-1
608000008
872640
995617134
-1
-1
1867530
954494445
-1
3554848
-1
9183893
-1
777766
-1
-1
-1
1089732
2222246
13358902
-1
-1
-1
-1
465238
-1
6691832576
10816397
62798673
106437
22222284
-1
2364857
8111129
3333346839
74447
-1
-1
193777
13059678
-1
3130030033
6666666789
-1
506
579068
-1
-1
-1
889903
-1
59111367724
12364758
-1
127369450
-1
21650462
-1
10269587
313585853
-1
-1
-1
661688
882282888
2089457
48444848
26000000168
-1
-1
2963
6000032799
333336877
-1
-1
3065639306
511176156
-1
-1
-1
-1
-1
-1
70770
-1
-1
-1
-1
-1
497798797
-1
1037462
52018489
-1
2030
-1
4994444
-1
-1
-1
7040985
-1
-1
350579
704269
30679809
-1
-1
-1
1027698
-1
-1
778798
129684370
-1
-1
-1
656998
-1
400025298
103854
75557
555555555
203468759
890781199
-1
4495954
-1
-1
-1
29259229
-1
-1
-1
-1
-1
532137415
7372017
3444660
-1
-1
26390874
500372
-1
288056
12387
10070
-1
-1
400558119
-1
1833796
10298
-1
-1
-1
-1
24786
-1
-1
-1
945889897841485363491634036674362015116979751053584885717459453
9265092284325072331719181816729545182764698709221514
1023954678
16128035080695880389840460728145894521220643989781835
10854036875340892
88307970566857913000000000000000000000413780050
62374573132120186247888963410160121387820862
45674766767274526273592808142
5453819481432746494252414449271226248578577177579894739824032
5397880777693248295669990029666678121568376340743328740146
8000000000000000000000000000000105922383
363808451823794
47939126551670616920592556982462997260
709534624689
421971239729028685789055879345030499303831438434731407
8634657814826631111111114162794196
7965520000000000000000000000000000000000000000000000000002684283
927351405689
5521322930481086846661689186823871598019109580374508915448394924087540763291
222222222222222222222222222223756887
2845936777240137
1023576489
209598306773138436226699788534510950394544032786904960332891978964509296343132857201465
1023879645
1023456879
945576184075808739579329208875132455
111111111111111113153131
1260011289677
70734652089166
126763750079667409504489707978
61111111368279
143913374377372881205906368
953182355470000000000000000000000000000000000000000000000000000000874421
5401016437940967372000324669590089407405266068877905659277
6088036578872056810684927038390333180
778959538219402638
41237318163919610360681655074521788978727887
77973306000000000000000000000000000000000000000000000000000000000000000000000000181724
824357555000000000000000000000651800
13479608265
9222222222222222222222222222222222248567
17983026548
42019533006441204875589755490
38789276117
11111111111111111131311
7412689530
290398064124703116301144720749821482642980501400805
4523805434753916
33105508249886785473
7540922044651874502168032017239
124159629787807674728827003831089137345412624339340962405
8252181185828511515188818
9000000000000000000000000000000000000000000000000000000000000000000330
30856949792
142728065662724082448371046777756938121818671581204073220327985917
781459561495854593259944453899030
960000000026273746396029
3883303835625003200000000000000000000000000000000000000025759940
8000000000000000000000000000000000000000000000000001158432310649
210499040756979535341669594371708
71405673229985
722324261780246942763997921570806789091488619892189955
98189115644751171255218072712198902664413268
10000000000000000000000000000000000000000000000000000000000002016772817021008
62085194370127908918855784393914467600521001915989956090589063499112128209960153501708243
556729598674176666572425404680658180191549236431537485033
688137858811231226813695927366418715405819445892706437852061170
1023457869
9240596090000000000000000000000000000000000000003917665122
1023478659
447252436342355046179581117583834820932
8519720294736887
957102239877266842316729783253993033057679581703
7374859031026704707161869
4070000000000000000000000000000000000000913825
1023456987
911111111111111111111111111111111111111111111111111111111111113546752
1037492865
1024598763
564921135711342604548197991084
9932500427832390258760550667940895988327838730272792882412
3170465940690253955801368738443218255082421657677666256
1209358764
6755936898400120
9189978526280214727101051638620007116147069
102345869
9198287043096040286640129356378346946245191585814868
1327680495
2498156073
8176581957845761536752948184943482815890703109749496649676040781052713
1130000000000000000000000000000000000456987
60000000000000000000000000000000000000344976603762086896
820447142697333716129273673334513
752222222395555752
633939976114019527804
70965913741844266183524365461924
27651400000000000000000000000000091
641810609542375705
8017808357557003472300345195261603
60789343774343121119250505127116132295
50173150463219481
28649701
80000000000000000000000000000000000000000000000000000000000000001064259
298293120468112101505496078415205778693357426118888813376154124
864876616321839372113754000178784827134200855815821546060
12347693508
54456982416205065152444583557486882252379378814616307391
6769600000000000000000000000000000000000000000000000000000000000001942903338461
81111111111111111111111111111818122112112
622327087315049
71111111111111
594785806008538923610
27433427276873552878285445768442096605776410901
745030000000000001869754
82222222222222222222222222222222222222222222222222223369
591781421133632449540602222274
9998727720982427605103627
797283982932483304422416242471935577750714899089288886679400896997334
2222232334788
135878217413268329841863040461043359730531567799618188301306
93702145835
55777
15752419724642340253158
1316491375981159916522261365431248783283042515
1276584930
791111111111111111111111111111111111111111111112356
8537249106
183444951723705910154296581393155006429
1023457896
6931050687845465804437738591082033936871400371795530387
91714892276966749971543758360830248643843582
1700000245
39973704132865
89699852328789920138292087239089464435
261580601263561629074
117603289754
490601811865204270409077109378312949
163292485587703
4580296177429914710066420023
1732587853440749683966427248667347231872161887081908813950376799536212108846771139956713551226002
3457365585551521809
123089657
450235662815937
6024420315789
223323322222
8500993684857075333063618598793478568662
2852490679748137838771749719650269675110420220053685358016183140876
499284065337616969013769138607217006558845957768750
226579968387818996239333980119938084661769766703168
752394738058643800358004998843304205355548191
6860417833452402045948
1119244514500483458
22355000000000316955011713530
7956201348
46252145739136212934488779259057772515123967272309767823896610862059436605488602
7365072580639816123764326
9787556189217322207406
122115549978838782585791023163659087678
159635719947620965470460652949855161786386302382634616479884
3423370334215419850984188777003012046480
675574049377242814
53258291023867124152
90000000000000001234567
480763552861645947058785603354005732696914157092426036945035465930613789641455508
88074659558615919350192355976838
990146523
511035707631174086517865294927
661111111111111111111111111111111111113524879
47531572841519110477654619088276269168917162728611226388105540894628360836417267
75902244410925249190207382705879733851673766370
174012687824956377
126078459
6987837899584210
45663976034612897
2356191111111111111146
18267535484958851662757078296547514914603268225560159774803864
9529952193293384129802808343320679
1023467589
719332813042077107912267383962600558612055
3297951861738572785293624760741837239450861
1023495678
706594193431561040268067
9311465053180851599586064221965922775555
8270000000000000000000119835499
875679896657424786733170
43402878659142
88873591918722830880949866
98000000000000000000000090589908
7130037833800859724723784296252528204854895300711560363296
649158570239370
5078722292834561959
898778537379454230880791222428487273224646
1328869504
96910617175417339891136877553204726083
5676601589406105802376
81519077734857903219777986
59694219427379372348376661583191053415362
8629151233735985786338698593382770298602152253897014485218077361660614614834821253
317764779431456504928
6666666666666666666666666666666666666666666666666666666
31346875209
257731595462691343315611570132189206461449018331
-1
47804771932560
5239206942293821970
93754664593052629513630512292341822
87801273869739380180046719699655787280637700524801069
67690982495401179635691622547019857132947882
82580654387657315469
30541464240743976181321955999183974
38107689745942
211742184047
904820000000000000000000000026697743782885670904
617485892305
5177700293848
2680431197699678460556426428465116314222563042981408029620000942964943269639
89172381807916548926597721244092177074791829408700854149883557
470390533814997023177846348703734108479
56588799637682709628661554097498510
213937658046347482338153528569391929834744386607996828557118
66335914245784199656650291
91145987668961168167290176713902020121254453516889717
10235679
102345679
9088448348788930105269
4912690057661267202908088901702333
-1
524558316374072
47375697927034120403089947909946426672025809534278896656068937812797453135136436287
321080000000000000000000000000000000000000000000000000000000000000000000000000000000000000000465
50512346798
13641462613381111111111111111111111111111111111111111111111111975
1023456879
8463465083587209606471013060393666791687921573331474814704
87466688126965022331027493726907816889728
955565930940079095643036626657638211163557
90099640161578231350970993905695337461585132877659
34287800554
79871564376435789977428549380875979340648646422844252964763
70000002994503
8430064636811388696086684548972
916517007761768197546032611211768098995236253
3556520639600512069822983453403700651815930931051
341504851894439038309726
623067266131238595974
6500588956612833162102051265634470083380728911
131419745899019425571495361078
1236709548
1023456879
568155690924499260836499876
-1
1023958764
709990529084136
35579407342360187
540962659746183
3093564637134710942016779304008977881415327851
3142816896419306922818148841042398744210539145254
87402312649390853
430021012778878556290056595207078976448789434462172958538646
861810629956331290044742614983182563
3670139682009243611341013689522734784
15029086666577405919305807730027914625227150386614
449707076242556019800091
233181423391450434976982898187856565944884
608996188593143173
1320569746528
98765051102036615624688
231774772281111111111111111111111111111111111111111111111111838947326575
90700000000000000123458
1245725416195758321039799740513781667476754517628198956839937110639527409519399425699255361
1380167398451520982351
-1
94762033964309993045873748194935816568
1096081328967544
54674509863213
4903325876
4303167567577820584
5796528586391902842969380412
60457565133918716438129098006248305755635511670074686659721053214491245
5538274753783940379313259221119269977506007015205560
73874102659
1025869374
7222222222222222222222222222223458
9727651838569516170732473766524953417074821912440237747
62611111111111111111111111111111111111149889887213
1778151111111111111129619
68417403030378280344233052218357852325551929160
34577136499961928270708664664693572909137662256915999185321141559792421088582756277
83559046585853600975940877468500166613581779323823922185239
2639222233936969232963693626
46628000000000000000000000000000000000000013659
413393000000000000000000000000000000000000000000000000000000000000000000000000013891736
51254836970
356240729514618
770000000000000000158080101708817441
24356128808127006689
834038930
1000000000000000000000000000000000000000000000000000000000000001743548842215687
1240875975326
-1
82727587775998464056170046237135656
660000000000000000000000000000000000000000000001394
1382486792802888851596818551451032070329225071444222847824
449096353439820631254109360596807630479140118999833710072783362121
889227207545631
13000000000000000000000000000000000000000000000000000000000000038495687
59210383476
791553441363085668886545018367116168900851270418
22751089346
795919181160423
86430875850600200000000000003469
4338296712113643829304029222480973835318
582042499613670129223785736680087456080673040983600149087294905539
1023654987
1774600034175328503151932652298238
554286177835281394375923623750804
53856600204595963561824780720465968
53231422310189975149440766862845261121673575716769
694708735342450272407030557260316595
120736485
1328553900104631586954387785367289421739352339927568867951164
7974112125735423258931488601567768076121262250357460300453386578
41296971408518893
953501033338000000000000000000000000000000000000000006849121442
10245698
455000000000000000036248441
21111111111111111111114765275
1023456798
477356764583678809926850677287971602100032
46270331993537612836961
76151368705297746
50138617249
40090757079057995970
46843375719687200
15000000335278396
50005505909550959999
900000000021525231126511503
-1
56350321695986470
127803226857330264741697180437203
33265515674471013064940695828425468535632407365696789904762718187218
10424026173770469336110753662140971074344070714053845835162033320023492281352170793019
98907948200864917340978312508
641523298407
-1
7405501596448736214
971111111251342158
472222222222222222494577247
737590830338714718380565681525683886100536768696299005914117893341210508090414909153
5300000000000000541169379584
75139001136742291393165902194809121861843952988899576329063
97935406238498166337174075205643900231143456885
1122933258293862061327843
3660000000000000000000000000000000000001289
5284004918699675807392
53329976947284891822663565203132459440525071858
9499726580153
11779094702734446291522615526640979983049697428130338916540870655520419721287636610235532441249
82228242384
349222222222222222222222246439362622422599649569
3653364138322090358662759103507226339460188182833
23123900000000000000000000027645
1023457698
302713479856
70012337000000000000000000000000334859
4135700463959498552935787932978007682866902558
5264770481411643413387457557789729
102367548
32060639259549570599962696481769396496404859607
55687524583301768560714599055556445382298
500000000000000000000000000116051
364234589710
254449774481306
54602381917
28093476150
1023987465
4502950289137629340
1023478659
22665356625
38192324974464150972377620006934406746
6750897047966689106127245620037
887820870862624395841
742521111111111111111111111111111111111111111114498286
980000000000000000000000000000003093880
62870910804279490902549573101471058478
4697058132
7338867461371560456615256964479823967035772847550245735
666666666666666666666666669999868666989989896668996969988689886
-1
5252705424927772075498412749037820553948472863747836585172063907772
4993266301620260437858664235106696453
2330310433145537261889
46463749731888205767
9508761430000000000000000000000000000000000000000000000000000314
6930000000000000000000000000055837864
2783059416
600000000000000000000000000000000000000000000000000000000000001189342
-1
962533058929969854591017823098835158
72000000000000000000000000000000000345976
296576768671370951575124
638148399985335474729189053340362899558367
1303560829704
94478383360000000000000000000000000000000000000000000000000000000000000000000000000000028049129
83928610754
33111111111111111111139519689888
53798371491013535906867249095882299388867
993707804768241252
76798743703748847730444566298901
777401412414897602035
231248150474615714058326752984
39159215564480707
80000000000000000007648862944653427816
5806861408953730192468195456410110
36565953830314263964500722
16411111111111111464818661144
97437425673260158
32321787379613459832434412237963209469550465
91111111111111113311654
41383300000000000099657
648444848864464864668864848
59738307381447688
490142900000000000000000026735
10938567234
8377358069142
18606461125806570813671349748332210960256
6680000000000048485669193256255
68819604275
4038240676818598
605246904472164064755385528866352988338470650449040386445635047133702173541027882869
3906661884820374505193016417753750
4523899018191058685339796777844426299851617924376100
6532759440448793463023150
6952553868232993034908437628594131
86891957274880274802809799189465406460981976724037272219
1000000000234578
1657806592042394
81335267049
149782701485965520787028097522947762367
1024395867
725767810405871285205419162464555676364116033153045386790987
49182552731773060493
1023456798
16266863636772791927141714453581942270
19787577176452247522708597919898813
32836208716478717184989977480324282420156363662274152
8373371346374115036296386309944972686249046
13342608817853179116587640761393246368069464913
444444444444555
3158627904
325361010262557889238334
8187111111111111111111111111111111111111111111111111111111111111111111387877211
5726313344421108927134320254712925350
7216944495460215496801203
8460429796203194883542252983
1411111111111111111111111111111111111111115547722484688185
81782523890464
18712600494661945074383272426040
3550000000000000000000000000000000000000000000000000018556752770691
514862316771833972463620481585529150488534318545946850197194
5917931726041525524147642551035572105565380892359529
79375846120
9973008608573106031624
511111867256686
81453658956369704299566062260432
55054831792679
385992114869117641941130690
475634968875120797017523357
502756400000000000000000000000000918
26688117036549
793979584222222222222222222222937259396
9777548056131020
29786208913654
613828610315487868560613219887831769165751
5398521847213125048970020794240
519351631323750548
130157793433407972050638
59800000000000000000000000000000001346
5000000000000000000000000000000000000000000000000000000060163327529092
529854872160309036618819081087
23692831750254
877417765260397
525551243527404966508
24947458297127894032320590688872027979799076817176083630504912501545294
282156066218092702249202294257
500000000000000000000000000000000000000000000000000000000000000000000000000000150752100229275
807143825939563897260953274383773
4532981695677843719797540977480204676741207288475324528212118383860918187
103191004190
51096530649285731281716861930878067555583185569917565500210855088
3577602883577732666118472046576834720434816630607633200322637018954369914894
454744602007676362539482210
193550213976683874840572727310019868249742238896282558018044155172723419288945477
4835609012
1023487659
9941478830811195229733059582244186930634839612813048
2017848508372182100351963984773607
8658691593786973833766383996769271148706590405948287340581554
5923920121349000000000000000000000000000000000000000000000000000000000000000000000003936
18920031394982582643746969159089
339235668135727464636058
